<?xml version="1.0" encoding="UTF-8"?>
<!-- Generated by org.testng.reporters.JUnitReportReporter -->
<testsuite hostname="vasan" failures="0" tests="1" name="practice_2.project_etsy" time="0.013" errors="0" timestamp="2023-09-16T13:04:01 IST" skipped="0">
  <testcase classname="practice_2.project_etsy" name="TestCase_001" time="0.013">
    <system-out>
      <![CDATA[Browser is Opened...
Browser is Closed...]]>
    </system-out>
  </testcase> <!-- TestCase_001 -->
  <system-out>
    <![CDATA[Open The Browser...
Browser is Opened...
Browser is Closed...
Close The Browser...]]>
  </system-out>
</testsuite> <!-- practice_2.project_etsy -->
