<?xml version="1.0" encoding="UTF-8"?>
<!-- Generated by org.testng.reporters.JUnitReportReporter -->
<testsuite hostname="vasan" failures="0" tests="1" name="practice_2.program_01" time="54.637" errors="0" timestamp="2023-09-20T15:47:28 IST" skipped="0">
  <testcase classname="practice_2.program_01" name="TestCase_001" time="54.637"/>
</testsuite> <!-- practice_2.program_01 -->
