<?xml version="1.0" encoding="UTF-8"?>
<!-- Generated by org.testng.reporters.JUnitReportReporter -->
<testsuite hostname="vasan" failures="0" tests="1" name="practice_2.p2" time="39.647" errors="0" timestamp="2023-10-02T09:55:20 IST" skipped="0">
  <testcase classname="practice_2.p2" name="tc" time="39.647">
    <system-out>
      <![CDATA[Details---> Gray and black color blocking sets you apart as the Hero Hoodie keeps you warm on the bus, campus or cold mean streets. Slanted outsize front pockets keep your style real . . . convenient.
• Full-zip gray and black hoodie.
• Ribbed hem.
• Standard fit.
• Drawcord hood cinch.
• Water-resistant coating.
More Information--> More Information
Material Fleece, Hemp, Polyester
Pattern Color-Blocked
Climate Spring]]>
    </system-out>
  </testcase> <!-- tc -->
  <system-out>
    <![CDATA[Details---> Gray and black color blocking sets you apart as the Hero Hoodie keeps you warm on the bus, campus or cold mean streets. Slanted outsize front pockets keep your style real . . . convenient.
• Full-zip gray and black hoodie.
• Ribbed hem.
• Standard fit.
• Drawcord hood cinch.
• Water-resistant coating.
More Information--> More Information
Material Fleece, Hemp, Polyester
Pattern Color-Blocked
Climate Spring]]>
  </system-out>
</testsuite> <!-- practice_2.p2 -->
