<?xml version="1.0" encoding="UTF-8"?>
<!-- Generated by org.testng.reporters.JUnitReportReporter -->
<testsuite hostname="vasan" failures="0" tests="1" name="practice_2.Hybrid_for_Luma" time="35.404" errors="0" timestamp="2023-10-04T09:52:10 IST" skipped="0">
  <testcase classname="practice_2.Hybrid_for_Luma" name="TestCase_055" time="35.404">
    <system-out>
      <![CDATA[TestCase-55 is Pass]]>
    </system-out>
  </testcase> <!-- TestCase_055 -->
  <system-out>
    <![CDATA[**************************************************************************
Open The Browser...
TestCase-55 is Pass
Close The Browser...
**************************************************************************]]>
  </system-out>
</testsuite> <!-- practice_2.Hybrid_for_Luma -->
