<?xml version="1.0" encoding="UTF-8"?>
<!-- Generated by org.testng.reporters.JUnitReportReporter -->
<testsuite hostname="vasan" failures="0" tests="1" name="practice_2.Project_Luma" time="0.005" errors="0" timestamp="2023-09-21T12:28:33 IST" skipped="0">
  <testcase classname="practice_2.Project_Luma" name="TestCase_001" time="0.005">
    <system-out>
      <![CDATA[Test Case is Pass...]]>
    </system-out>
  </testcase> <!-- TestCase_001 -->
  <system-out>
    <![CDATA[Open The Browser...
Test Case is Pass...
Close The Browser...]]>
  </system-out>
</testsuite> <!-- practice_2.Project_Luma -->
