<?xml version="1.0" encoding="UTF-8"?>
<!-- Generated by org.testng.reporters.JUnitReportReporter -->
<testsuite hostname="vasan" failures="0" tests="1" name="practice_2.p1" time="52.739" errors="0" timestamp="2023-09-26T12:51:29 IST" skipped="0">
  <testcase classname="practice_2.p1" name="tc_01" time="52.739"/>
</testsuite> <!-- practice_2.p1 -->
